[0.016s] Invoking command in '/workspace/ros2_ws/build/turtlesim': CMAKE_PREFIX_PATH=/opt/ros/humble /usr/bin/cmake /workspace/ros2_ws/src/ros_tutorials/turtlesim -DCMAKE_INSTALL_PREFIX=/workspace/ros2_ws/install/turtlesim
[0.215s] -- The C compiler identification is GNU 11.4.0
[0.336s] -- The CXX compiler identification is GNU 11.4.0
[0.349s] -- Detecting C compiler ABI info
[0.428s] -- Detecting C compiler ABI info - done
[0.439s] -- Check for working C compiler: /usr/bin/cc - skipped
[0.440s] -- Detecting C compile features
[0.441s] -- Detecting C compile features - done
[0.445s] -- Detecting CXX compiler ABI info
[0.523s] -- Detecting CXX compiler ABI info - done
[0.534s] -- Check for working CXX compiler: /usr/bin/c++ - skipped
[0.534s] -- Detecting CXX compile features
[0.534s] -- Detecting CXX compile features - done
[0.543s] -- Found ament_cmake: 1.3.10 (/opt/ros/humble/share/ament_cmake/cmake)
[0.706s] -- Found Python3: /usr/bin/python3 (found version "3.10.12") found components: Interpreter 
[0.829s] -- Found ament_index_cpp: 1.4.0 (/opt/ros/humble/share/ament_index_cpp/cmake)
[0.834s] -- Found geometry_msgs: 4.2.4 (/opt/ros/humble/share/geometry_msgs/cmake)
[0.893s] -- Found rosidl_generator_c: 3.1.5 (/opt/ros/humble/share/rosidl_generator_c/cmake)
[0.900s] -- Found rosidl_adapter: 3.1.5 (/opt/ros/humble/share/rosidl_adapter/cmake)
[0.912s] -- Found rosidl_generator_cpp: 3.1.5 (/opt/ros/humble/share/rosidl_generator_cpp/cmake)
[0.931s] -- Using all available rosidl_typesupport_c: rosidl_typesupport_fastrtps_c;rosidl_typesupport_introspection_c
[0.957s] -- Using all available rosidl_typesupport_cpp: rosidl_typesupport_fastrtps_cpp;rosidl_typesupport_introspection_cpp
[1.053s] -- Found rclcpp: 16.0.10 (/opt/ros/humble/share/rclcpp/cmake)
[1.125s] -- Found rmw_implementation_cmake: 6.1.2 (/opt/ros/humble/share/rmw_implementation_cmake/cmake)
[1.129s] -- Found rmw_fastrtps_cpp: 6.2.7 (/opt/ros/humble/share/rmw_fastrtps_cpp/cmake)
[1.240s] -- Found OpenSSL: /usr/lib/x86_64-linux-gnu/libcrypto.so (found version "3.0.2")  
[1.269s] -- Found FastRTPS: /opt/ros/humble/include  
[1.311s] -- Using RMW implementation 'rmw_fastrtps_cpp' as default
[1.323s] -- Looking for pthread.h
[1.402s] -- Looking for pthread.h - found
[1.403s] -- Performing Test CMAKE_HAVE_LIBC_PTHREAD
[1.501s] -- Performing Test CMAKE_HAVE_LIBC_PTHREAD - Success
[1.503s] -- Found Threads: TRUE  
[1.591s] -- Found rclcpp_action: 16.0.10 (/opt/ros/humble/share/rclcpp_action/cmake)
[1.658s] -- Found rosidl_default_generators: 1.2.0 (/opt/ros/humble/share/rosidl_default_generators/cmake)
[1.672s] -- Found std_srvs: 4.2.4 (/opt/ros/humble/share/std_srvs/cmake)
[2.020s] -- Found ament_cmake_ros: 0.10.0 (/opt/ros/humble/share/ament_cmake_ros/cmake)
[2.383s] -- Using all available rosidl_typesupport_c: rosidl_typesupport_fastrtps_c;rosidl_typesupport_introspection_c
[2.521s] -- Using all available rosidl_typesupport_cpp: rosidl_typesupport_fastrtps_cpp;rosidl_typesupport_introspection_cpp
[2.552s] -- Found PythonInterp: /usr/bin/python3 (found suitable version "3.10.12", minimum required is "3.6") 
[2.556s] -- Found python_cmake_module: 0.10.0 (/opt/ros/humble/share/python_cmake_module/cmake)
[2.588s] -- Found PythonLibs: /usr/lib/x86_64-linux-gnu/libpython3.10.so (found suitable version "3.10.12", minimum required is "3.5") 
[2.588s] -- Using PYTHON_EXECUTABLE: /usr/bin/python3
[2.588s] -- Using PYTHON_INCLUDE_DIRS: /usr/include/python3.10
[2.588s] -- Using PYTHON_LIBRARIES: /usr/lib/x86_64-linux-gnu/libpython3.10.so
[2.611s] -- Found PythonExtra: .so  
[2.683s] -- Configuring done
[2.751s] -- Generating done
[2.754s] -- Build files have been written to: /workspace/ros2_ws/build/turtlesim
[2.776s] Invoked command in '/workspace/ros2_ws/build/turtlesim' returned '0': CMAKE_PREFIX_PATH=/opt/ros/humble /usr/bin/cmake /workspace/ros2_ws/src/ros_tutorials/turtlesim -DCMAKE_INSTALL_PREFIX=/workspace/ros2_ws/install/turtlesim
[2.778s] Invoking command in '/workspace/ros2_ws/build/turtlesim': CMAKE_PREFIX_PATH=/opt/ros/humble /usr/bin/cmake --build /workspace/ros2_ws/build/turtlesim -- -j8 -l8
[2.820s] [  1%] [34m[1mGenerating C code for ROS interfaces[0m
[2.831s] [  2%] [34m[1mGenerating C++ code for ROS interfaces[0m
[2.838s] [  2%] Built target ament_cmake_python_copy_turtlesim
[3.197s] running egg_info
[3.198s] creating turtlesim.egg-info
[3.198s] writing turtlesim.egg-info/PKG-INFO
[3.198s] writing dependency_links to turtlesim.egg-info/dependency_links.txt
[3.199s] writing top-level names to turtlesim.egg-info/top_level.txt
[3.199s] writing manifest file 'turtlesim.egg-info/SOURCES.txt'
[3.202s] reading manifest file 'turtlesim.egg-info/SOURCES.txt'
[3.203s] writing manifest file 'turtlesim.egg-info/SOURCES.txt'
[3.248s] [  2%] Built target ament_cmake_python_build_turtlesim_egg
[3.805s] [  2%] Built target turtlesim__cpp
[3.815s] [  4%] [34m[1mGenerating C++ introspection for ROS interfaces[0m
[3.815s] [  4%] [34m[1mGenerating C++ type support for eProsima Fast-RTPS[0m
[3.816s] [  5%] [34m[1mGenerating C++ type support dispatch for ROS interfaces[0m
[3.992s] [  6%] [32mBuilding C object CMakeFiles/turtlesim__rosidl_generator_c.dir/rosidl_generator_c/turtlesim/srv/detail/kill__functions.c.o[0m
[3.993s] [  8%] [32mBuilding C object CMakeFiles/turtlesim__rosidl_generator_c.dir/rosidl_generator_c/turtlesim/msg/detail/color__functions.c.o[0m
[3.993s] [  8%] [32mBuilding C object CMakeFiles/turtlesim__rosidl_generator_c.dir/rosidl_generator_c/turtlesim/action/detail/rotate_absolute__functions.c.o[0m
[3.997s] [  9%] [32mBuilding C object CMakeFiles/turtlesim__rosidl_generator_c.dir/rosidl_generator_c/turtlesim/msg/detail/pose__functions.c.o[0m
[3.999s] [ 10%] [32mBuilding C object CMakeFiles/turtlesim__rosidl_generator_c.dir/rosidl_generator_c/turtlesim/srv/detail/set_pen__functions.c.o[0m
[4.098s] [ 13%] [32mBuilding C object CMakeFiles/turtlesim__rosidl_generator_c.dir/rosidl_generator_c/turtlesim/srv/detail/teleport_relative__functions.c.o[0m
[4.098s] [ 13%] [32mBuilding C object CMakeFiles/turtlesim__rosidl_generator_c.dir/rosidl_generator_c/turtlesim/srv/detail/spawn__functions.c.o[0m
[4.098s] [ 13%] [32mBuilding C object CMakeFiles/turtlesim__rosidl_generator_c.dir/rosidl_generator_c/turtlesim/srv/detail/teleport_absolute__functions.c.o[0m
[4.190s] [ 14%] [32m[1mLinking C shared library libturtlesim__rosidl_generator_c.so[0m
[4.243s] [ 14%] Built target turtlesim__rosidl_generator_c
[4.258s] [ 17%] [34m[1mGenerating C type support dispatch for ROS interfaces[0m
[4.259s] [ 17%] [34m[1mGenerating C type support for eProsima Fast-RTPS[0m
[4.259s] [ 17%] [34m[1mGenerating C introspection for ROS interfaces[0m
[4.707s] [ 19%] [32mBuilding CXX object CMakeFiles/turtlesim__rosidl_typesupport_cpp.dir/rosidl_typesupport_cpp/turtlesim/action/rotate_absolute__type_support.cpp.o[0m
[4.707s] [ 19%] [32mBuilding CXX object CMakeFiles/turtlesim__rosidl_typesupport_cpp.dir/rosidl_typesupport_cpp/turtlesim/msg/color__type_support.cpp.o[0m
[4.708s] [ 20%] [32mBuilding CXX object CMakeFiles/turtlesim__rosidl_typesupport_cpp.dir/rosidl_typesupport_cpp/turtlesim/msg/pose__type_support.cpp.o[0m
[5.016s] [ 21%] [32mBuilding CXX object CMakeFiles/turtlesim__rosidl_typesupport_introspection_cpp.dir/rosidl_typesupport_introspection_cpp/turtlesim/action/detail/rotate_absolute__type_support.cpp.o[0m
[5.286s] [ 22%] [32mBuilding CXX object CMakeFiles/turtlesim__rosidl_typesupport_cpp.dir/rosidl_typesupport_cpp/turtlesim/srv/kill__type_support.cpp.o[0m
[5.293s] [ 23%] [32mBuilding CXX object CMakeFiles/turtlesim__rosidl_typesupport_cpp.dir/rosidl_typesupport_cpp/turtlesim/srv/set_pen__type_support.cpp.o[0m
[5.321s] [ 24%] [32mBuilding CXX object CMakeFiles/turtlesim__rosidl_typesupport_c.dir/rosidl_typesupport_c/turtlesim/action/rotate_absolute__type_support.cpp.o[0m
[5.432s] [ 25%] [32mBuilding CXX object CMakeFiles/turtlesim__rosidl_typesupport_c.dir/rosidl_typesupport_c/turtlesim/msg/color__type_support.cpp.o[0m
[5.479s] [ 26%] [32mBuilding CXX object CMakeFiles/turtlesim__rosidl_typesupport_c.dir/rosidl_typesupport_c/turtlesim/msg/pose__type_support.cpp.o[0m
[5.570s] [ 27%] [32mBuilding CXX object CMakeFiles/turtlesim__rosidl_typesupport_c.dir/rosidl_typesupport_c/turtlesim/srv/kill__type_support.cpp.o[0m
[5.621s] [ 28%] [32mBuilding CXX object CMakeFiles/turtlesim__rosidl_typesupport_c.dir/rosidl_typesupport_c/turtlesim/srv/set_pen__type_support.cpp.o[0m
[5.638s] [ 29%] [32mBuilding CXX object CMakeFiles/turtlesim__rosidl_typesupport_fastrtps_cpp.dir/rosidl_typesupport_fastrtps_cpp/turtlesim/action/detail/dds_fastrtps/rotate_absolute__type_support.cpp.o[0m
[5.640s] [ 30%] [32mBuilding CXX object CMakeFiles/turtlesim__rosidl_typesupport_cpp.dir/rosidl_typesupport_cpp/turtlesim/srv/spawn__type_support.cpp.o[0m
[5.692s] [ 31%] [32mBuilding CXX object CMakeFiles/turtlesim__rosidl_typesupport_c.dir/rosidl_typesupport_c/turtlesim/srv/spawn__type_support.cpp.o[0m
[5.747s] [ 32%] [32mBuilding CXX object CMakeFiles/turtlesim__rosidl_typesupport_c.dir/rosidl_typesupport_c/turtlesim/srv/teleport_absolute__type_support.cpp.o[0m
[5.765s] [ 33%] [32mBuilding CXX object CMakeFiles/turtlesim__rosidl_typesupport_cpp.dir/rosidl_typesupport_cpp/turtlesim/srv/teleport_absolute__type_support.cpp.o[0m
[5.765s] [ 34%] [32mBuilding CXX object CMakeFiles/turtlesim__rosidl_typesupport_c.dir/rosidl_typesupport_c/turtlesim/srv/teleport_relative__type_support.cpp.o[0m
[5.813s] [ 35%] [32m[1mLinking CXX shared library libturtlesim__rosidl_typesupport_c.so[0m
[5.815s] [ 36%] [32mBuilding CXX object CMakeFiles/turtlesim__rosidl_typesupport_cpp.dir/rosidl_typesupport_cpp/turtlesim/srv/teleport_relative__type_support.cpp.o[0m
[5.915s] [ 36%] Built target turtlesim__rosidl_typesupport_c
[5.925s] [ 37%] [32mBuilding C object CMakeFiles/turtlesim__rosidl_typesupport_introspection_c.dir/rosidl_typesupport_introspection_c/turtlesim/action/detail/rotate_absolute__type_support.c.o[0m
[5.936s] [ 38%] [32mBuilding CXX object CMakeFiles/turtlesim__rosidl_typesupport_fastrtps_c.dir/rosidl_typesupport_fastrtps_c/turtlesim/action/detail/rotate_absolute__type_support_c.cpp.o[0m
[5.944s] [ 39%] [32mBuilding CXX object CMakeFiles/turtlesim__rosidl_typesupport_introspection_cpp.dir/rosidl_typesupport_introspection_cpp/turtlesim/msg/detail/color__type_support.cpp.o[0m
[6.103s] [ 40%] [32mBuilding C object CMakeFiles/turtlesim__rosidl_typesupport_introspection_c.dir/rosidl_typesupport_introspection_c/turtlesim/msg/detail/color__type_support.c.o[0m
[6.152s] [ 41%] [32mBuilding C object CMakeFiles/turtlesim__rosidl_typesupport_introspection_c.dir/rosidl_typesupport_introspection_c/turtlesim/msg/detail/pose__type_support.c.o[0m
[6.185s] [ 42%] [32mBuilding C object CMakeFiles/turtlesim__rosidl_typesupport_introspection_c.dir/rosidl_typesupport_introspection_c/turtlesim/srv/detail/kill__type_support.c.o[0m
[6.191s] [ 43%] [32mBuilding CXX object CMakeFiles/turtlesim__rosidl_typesupport_fastrtps_c.dir/rosidl_typesupport_fastrtps_c/turtlesim/msg/detail/color__type_support_c.cpp.o[0m
[6.224s] [ 44%] [32mBuilding C object CMakeFiles/turtlesim__rosidl_typesupport_introspection_c.dir/rosidl_typesupport_introspection_c/turtlesim/srv/detail/set_pen__type_support.c.o[0m
[6.240s] [ 45%] [32mBuilding CXX object CMakeFiles/turtlesim__rosidl_typesupport_fastrtps_cpp.dir/rosidl_typesupport_fastrtps_cpp/turtlesim/msg/detail/dds_fastrtps/color__type_support.cpp.o[0m
[6.250s] [ 46%] [32mBuilding CXX object CMakeFiles/turtlesim__rosidl_typesupport_fastrtps_cpp.dir/rosidl_typesupport_fastrtps_cpp/turtlesim/msg/detail/dds_fastrtps/pose__type_support.cpp.o[0m
[6.255s] [ 47%] [32m[1mLinking CXX shared library libturtlesim__rosidl_typesupport_cpp.so[0m
[6.286s] [ 48%] [32mBuilding C object CMakeFiles/turtlesim__rosidl_typesupport_introspection_c.dir/rosidl_typesupport_introspection_c/turtlesim/srv/detail/spawn__type_support.c.o[0m
[6.352s] [ 49%] [32mBuilding C object CMakeFiles/turtlesim__rosidl_typesupport_introspection_c.dir/rosidl_typesupport_introspection_c/turtlesim/srv/detail/teleport_absolute__type_support.c.o[0m
[6.417s] [ 50%] [32mBuilding C object CMakeFiles/turtlesim__rosidl_typesupport_introspection_c.dir/rosidl_typesupport_introspection_c/turtlesim/srv/detail/teleport_relative__type_support.c.o[0m
[6.448s] [ 50%] Built target turtlesim__rosidl_typesupport_cpp
[6.500s] [ 51%] [32m[1mLinking C shared library libturtlesim__rosidl_typesupport_introspection_c.so[0m
[6.501s] [ 52%] [32mBuilding CXX object CMakeFiles/turtlesim__rosidl_typesupport_fastrtps_c.dir/rosidl_typesupport_fastrtps_c/turtlesim/msg/detail/pose__type_support_c.cpp.o[0m
[6.629s] [ 52%] Built target turtlesim__rosidl_typesupport_introspection_c
[6.678s] [ 53%] [34m[1mGenerating include/turtlesim/moc_turtle_frame.cpp[0m
[6.715s] [ 54%] [32mBuilding CXX object CMakeFiles/turtlesim__rosidl_typesupport_fastrtps_c.dir/rosidl_typesupport_fastrtps_c/turtlesim/srv/detail/kill__type_support_c.cpp.o[0m
[6.744s] [ 55%] [32mBuilding CXX object CMakeFiles/turtlesim__rosidl_typesupport_fastrtps_cpp.dir/rosidl_typesupport_fastrtps_cpp/turtlesim/srv/detail/dds_fastrtps/kill__type_support.cpp.o[0m
[6.781s] [ 56%] [32mBuilding CXX object CMakeFiles/turtlesim__rosidl_typesupport_fastrtps_c.dir/rosidl_typesupport_fastrtps_c/turtlesim/srv/detail/set_pen__type_support_c.cpp.o[0m
[6.784s] [ 57%] [32mBuilding CXX object CMakeFiles/turtlesim__rosidl_typesupport_introspection_cpp.dir/rosidl_typesupport_introspection_cpp/turtlesim/msg/detail/pose__type_support.cpp.o[0m
[6.968s] [ 58%] [32mBuilding CXX object CMakeFiles/turtlesim_node.dir/src/turtlesim.cpp.o[0m
[7.118s] [ 59%] [32mBuilding CXX object CMakeFiles/turtlesim__rosidl_typesupport_fastrtps_cpp.dir/rosidl_typesupport_fastrtps_cpp/turtlesim/srv/detail/dds_fastrtps/set_pen__type_support.cpp.o[0m
[7.177s] [ 60%] [32mBuilding CXX object CMakeFiles/turtle_teleop_key.dir/tutorials/teleop_turtle_key.cpp.o[0m
[7.256s] [ 61%] [32mBuilding CXX object CMakeFiles/turtlesim__rosidl_typesupport_fastrtps_c.dir/rosidl_typesupport_fastrtps_c/turtlesim/srv/detail/spawn__type_support_c.cpp.o[0m
[7.497s] [ 62%] [32mBuilding CXX object CMakeFiles/turtlesim__rosidl_typesupport_introspection_cpp.dir/rosidl_typesupport_introspection_cpp/turtlesim/srv/detail/kill__type_support.cpp.o[0m
[7.500s] [ 63%] [32mBuilding CXX object CMakeFiles/turtlesim__rosidl_typesupport_introspection_cpp.dir/rosidl_typesupport_introspection_cpp/turtlesim/srv/detail/set_pen__type_support.cpp.o[0m
[7.543s] [ 64%] [32mBuilding CXX object CMakeFiles/turtlesim__rosidl_typesupport_introspection_cpp.dir/rosidl_typesupport_introspection_cpp/turtlesim/srv/detail/spawn__type_support.cpp.o[0m
[7.599s] [ 65%] [32mBuilding CXX object CMakeFiles/turtlesim__rosidl_typesupport_fastrtps_cpp.dir/rosidl_typesupport_fastrtps_cpp/turtlesim/srv/detail/dds_fastrtps/spawn__type_support.cpp.o[0m
[7.840s] [ 66%] [32mBuilding CXX object CMakeFiles/turtlesim__rosidl_typesupport_fastrtps_cpp.dir/rosidl_typesupport_fastrtps_cpp/turtlesim/srv/detail/dds_fastrtps/teleport_absolute__type_support.cpp.o[0m
[7.951s] [ 67%] [32mBuilding CXX object CMakeFiles/turtlesim__rosidl_typesupport_fastrtps_c.dir/rosidl_typesupport_fastrtps_c/turtlesim/srv/detail/teleport_absolute__type_support_c.cpp.o[0m
[8.312s] [ 68%] [32mBuilding CXX object CMakeFiles/turtlesim__rosidl_typesupport_introspection_cpp.dir/rosidl_typesupport_introspection_cpp/turtlesim/srv/detail/teleport_absolute__type_support.cpp.o[0m
[8.370s] [ 69%] [32mBuilding CXX object CMakeFiles/turtlesim__rosidl_typesupport_introspection_cpp.dir/rosidl_typesupport_introspection_cpp/turtlesim/srv/detail/teleport_relative__type_support.cpp.o[0m
[8.403s] [ 70%] [32mBuilding CXX object CMakeFiles/turtlesim__rosidl_typesupport_fastrtps_c.dir/rosidl_typesupport_fastrtps_c/turtlesim/srv/detail/teleport_relative__type_support_c.cpp.o[0m
[8.490s] [ 71%] [32mBuilding CXX object CMakeFiles/turtlesim__rosidl_typesupport_fastrtps_cpp.dir/rosidl_typesupport_fastrtps_cpp/turtlesim/srv/detail/dds_fastrtps/teleport_relative__type_support.cpp.o[0m
[8.628s] [ 72%] [32mBuilding CXX object CMakeFiles/turtlesim_node.dir/src/turtle.cpp.o[0m
[8.644s] [ 73%] [32mBuilding CXX object CMakeFiles/draw_square.dir/tutorials/draw_square.cpp.o[0m
[9.033s] [ 74%] [32mBuilding CXX object CMakeFiles/turtlesim_node.dir/src/turtle_frame.cpp.o[0m
[9.094s] [ 75%] [32m[1mLinking CXX shared library libturtlesim__rosidl_typesupport_fastrtps_c.so[0m
[9.139s] [ 76%] [32m[1mLinking CXX shared library libturtlesim__rosidl_typesupport_introspection_cpp.so[0m
[9.260s] [ 77%] [32m[1mLinking CXX shared library libturtlesim__rosidl_typesupport_fastrtps_cpp.so[0m
[9.354s] [ 77%] Built target turtlesim__rosidl_typesupport_fastrtps_c
[9.368s] [ 77%] Built target turtlesim__rosidl_typesupport_introspection_cpp
[9.382s] [ 78%] [32mBuilding CXX object CMakeFiles/turtlesim_node.dir/include/turtlesim/moc_turtle_frame.cpp.o[0m
[9.485s] [ 78%] Built target turtlesim__rosidl_typesupport_fastrtps_cpp
[9.504s] [ 79%] [32mBuilding CXX object CMakeFiles/mimic.dir/tutorials/mimic.cpp.o[0m
[9.571s] [ 79%] Built target turtlesim
[9.704s] [ 80%] [34m[1mGenerating Python code for ROS interfaces[0m
[14.531s] [ 80%] Built target turtlesim__py
[14.675s] [ 81%] [32mBuilding C object CMakeFiles/turtlesim__rosidl_generator_py.dir/rosidl_generator_py/turtlesim/action/_rotate_absolute_s.c.o[0m
[15.347s] [ 82%] [32mBuilding C object CMakeFiles/turtlesim__rosidl_generator_py.dir/rosidl_generator_py/turtlesim/msg/_color_s.c.o[0m
[15.573s] [ 83%] [32mBuilding C object CMakeFiles/turtlesim__rosidl_generator_py.dir/rosidl_generator_py/turtlesim/msg/_pose_s.c.o[0m
[15.741s] [ 84%] [32mBuilding C object CMakeFiles/turtlesim__rosidl_generator_py.dir/rosidl_generator_py/turtlesim/srv/_kill_s.c.o[0m
[15.910s] [ 85%] [32mBuilding C object CMakeFiles/turtlesim__rosidl_generator_py.dir/rosidl_generator_py/turtlesim/srv/_set_pen_s.c.o[0m
[16.141s] [ 86%] [32mBuilding C object CMakeFiles/turtlesim__rosidl_generator_py.dir/rosidl_generator_py/turtlesim/srv/_spawn_s.c.o[0m
[16.421s] [ 87%] [32mBuilding C object CMakeFiles/turtlesim__rosidl_generator_py.dir/rosidl_generator_py/turtlesim/srv/_teleport_absolute_s.c.o[0m
[16.632s] [ 88%] [32mBuilding C object CMakeFiles/turtlesim__rosidl_generator_py.dir/rosidl_generator_py/turtlesim/srv/_teleport_relative_s.c.o[0m
[16.816s] [ 89%] [32m[1mLinking C shared library rosidl_generator_py/turtlesim/libturtlesim__rosidl_generator_py.so[0m
[16.990s] [ 89%] Built target turtlesim__rosidl_generator_py
[17.065s] [ 90%] [32mBuilding C object CMakeFiles/turtlesim__rosidl_typesupport_fastrtps_c__pyext.dir/rosidl_generator_py/turtlesim/_turtlesim_s.ep.rosidl_typesupport_fastrtps_c.c.o[0m
[17.339s] [ 91%] [32m[1mLinking C shared library rosidl_generator_py/turtlesim/turtlesim_s__rosidl_typesupport_fastrtps_c.cpython-310-x86_64-linux-gnu.so[0m
[17.477s] [ 91%] Built target turtlesim__rosidl_typesupport_fastrtps_c__pyext
[17.571s] [ 92%] [32mBuilding C object CMakeFiles/turtlesim__rosidl_typesupport_introspection_c__pyext.dir/rosidl_generator_py/turtlesim/_turtlesim_s.ep.rosidl_typesupport_introspection_c.c.o[0m
[17.832s] [ 93%] [32mBuilding C object CMakeFiles/turtlesim__rosidl_typesupport_c__pyext.dir/rosidl_generator_py/turtlesim/_turtlesim_s.ep.rosidl_typesupport_c.c.o[0m
[17.872s] [ 94%] [32m[1mLinking C shared library rosidl_generator_py/turtlesim/turtlesim_s__rosidl_typesupport_introspection_c.cpython-310-x86_64-linux-gnu.so[0m
[17.988s] [ 94%] Built target turtlesim__rosidl_typesupport_introspection_c__pyext
[18.106s] [ 95%] [32m[1mLinking C shared library rosidl_generator_py/turtlesim/turtlesim_s__rosidl_typesupport_c.cpython-310-x86_64-linux-gnu.so[0m
[18.212s] [ 95%] Built target turtlesim__rosidl_typesupport_c__pyext
[20.199s] [ 96%] [32m[1mLinking CXX executable turtle_teleop_key[0m
[20.886s] [ 96%] Built target turtle_teleop_key
[25.400s] [ 97%] [32m[1mLinking CXX executable draw_square[0m
[25.531s] [ 98%] [32m[1mLinking CXX executable mimic[0m
[26.664s] [ 98%] Built target draw_square
[26.695s] [ 98%] Built target mimic
[30.697s] [100%] [32m[1mLinking CXX executable turtlesim_node[0m
[33.669s] [100%] Built target turtlesim_node
[33.682s] Invoked command in '/workspace/ros2_ws/build/turtlesim' returned '0': CMAKE_PREFIX_PATH=/opt/ros/humble /usr/bin/cmake --build /workspace/ros2_ws/build/turtlesim -- -j8 -l8
[33.841s] Invoking command in '/workspace/ros2_ws/build/turtlesim': CMAKE_PREFIX_PATH=/opt/ros/humble /usr/bin/cmake --install /workspace/ros2_ws/build/turtlesim
[33.849s] -- Install configuration: ""
[33.849s] -- Installing: /workspace/ros2_ws/install/turtlesim/share/ament_index/resource_index/rosidl_interfaces/turtlesim
[33.850s] -- Installing: /workspace/ros2_ws/install/turtlesim/include/turtlesim/turtlesim
[33.850s] -- Installing: /workspace/ros2_ws/install/turtlesim/include/turtlesim/turtlesim/msg
[33.850s] -- Installing: /workspace/ros2_ws/install/turtlesim/include/turtlesim/turtlesim/msg/pose.h
[33.850s] -- Installing: /workspace/ros2_ws/install/turtlesim/include/turtlesim/turtlesim/msg/color.h
[33.850s] -- Installing: /workspace/ros2_ws/install/turtlesim/include/turtlesim/turtlesim/msg/detail
[33.850s] -- Installing: /workspace/ros2_ws/install/turtlesim/include/turtlesim/turtlesim/msg/detail/color__functions.c
[33.850s] -- Installing: /workspace/ros2_ws/install/turtlesim/include/turtlesim/turtlesim/msg/detail/pose__struct.h
[33.851s] -- Installing: /workspace/ros2_ws/install/turtlesim/include/turtlesim/turtlesim/msg/detail/color__type_support.h
[33.851s] -- Installing: /workspace/ros2_ws/install/turtlesim/include/turtlesim/turtlesim/msg/detail/pose__functions.c
[33.851s] -- Installing: /workspace/ros2_ws/install/turtlesim/include/turtlesim/turtlesim/msg/detail/color__functions.h
[33.851s] -- Installing: /workspace/ros2_ws/install/turtlesim/include/turtlesim/turtlesim/msg/detail/pose__type_support.h
[33.851s] -- Installing: /workspace/ros2_ws/install/turtlesim/include/turtlesim/turtlesim/msg/detail/pose__functions.h
[33.851s] -- Installing: /workspace/ros2_ws/install/turtlesim/include/turtlesim/turtlesim/msg/detail/color__struct.h
[33.851s] -- Installing: /workspace/ros2_ws/install/turtlesim/include/turtlesim/turtlesim/msg/rosidl_generator_c__visibility_control.h
[33.851s] -- Installing: /workspace/ros2_ws/install/turtlesim/include/turtlesim/turtlesim/action
[33.851s] -- Installing: /workspace/ros2_ws/install/turtlesim/include/turtlesim/turtlesim/action/rotate_absolute.h
[33.851s] -- Installing: /workspace/ros2_ws/install/turtlesim/include/turtlesim/turtlesim/action/detail
[33.851s] -- Installing: /workspace/ros2_ws/install/turtlesim/include/turtlesim/turtlesim/action/detail/rotate_absolute__functions.c
[33.852s] -- Installing: /workspace/ros2_ws/install/turtlesim/include/turtlesim/turtlesim/action/detail/rotate_absolute__functions.h
[33.852s] -- Installing: /workspace/ros2_ws/install/turtlesim/include/turtlesim/turtlesim/action/detail/rotate_absolute__type_support.h
[33.852s] -- Installing: /workspace/ros2_ws/install/turtlesim/include/turtlesim/turtlesim/action/detail/rotate_absolute__struct.h
[33.852s] -- Installing: /workspace/ros2_ws/install/turtlesim/include/turtlesim/turtlesim/srv
[33.852s] -- Installing: /workspace/ros2_ws/install/turtlesim/include/turtlesim/turtlesim/srv/teleport_relative.h
[33.852s] -- Installing: /workspace/ros2_ws/install/turtlesim/include/turtlesim/turtlesim/srv/teleport_absolute.h
[33.853s] -- Installing: /workspace/ros2_ws/install/turtlesim/include/turtlesim/turtlesim/srv/kill.h
[33.853s] -- Installing: /workspace/ros2_ws/install/turtlesim/include/turtlesim/turtlesim/srv/detail
[33.853s] -- Installing: /workspace/ros2_ws/install/turtlesim/include/turtlesim/turtlesim/srv/detail/teleport_absolute__type_support.h
[33.853s] -- Installing: /workspace/ros2_ws/install/turtlesim/include/turtlesim/turtlesim/srv/detail/teleport_relative__functions.c
[33.853s] -- Installing: /workspace/ros2_ws/install/turtlesim/include/turtlesim/turtlesim/srv/detail/kill__type_support.h
[33.853s] -- Installing: /workspace/ros2_ws/install/turtlesim/include/turtlesim/turtlesim/srv/detail/teleport_absolute__functions.h
[33.853s] -- Installing: /workspace/ros2_ws/install/turtlesim/include/turtlesim/turtlesim/srv/detail/teleport_absolute__functions.c
[33.853s] -- Installing: /workspace/ros2_ws/install/turtlesim/include/turtlesim/turtlesim/srv/detail/teleport_relative__type_support.h
[33.854s] -- Installing: /workspace/ros2_ws/install/turtlesim/include/turtlesim/turtlesim/srv/detail/set_pen__functions.h
[33.854s] -- Installing: /workspace/ros2_ws/install/turtlesim/include/turtlesim/turtlesim/srv/detail/teleport_relative__functions.h
[33.854s] -- Installing: /workspace/ros2_ws/install/turtlesim/include/turtlesim/turtlesim/srv/detail/spawn__functions.c
[33.854s] -- Installing: /workspace/ros2_ws/install/turtlesim/include/turtlesim/turtlesim/srv/detail/set_pen__struct.h
[33.854s] -- Installing: /workspace/ros2_ws/install/turtlesim/include/turtlesim/turtlesim/srv/detail/kill__struct.h
[33.854s] -- Installing: /workspace/ros2_ws/install/turtlesim/include/turtlesim/turtlesim/srv/detail/spawn__functions.h
[33.854s] -- Installing: /workspace/ros2_ws/install/turtlesim/include/turtlesim/turtlesim/srv/detail/spawn__type_support.h
[33.854s] -- Installing: /workspace/ros2_ws/install/turtlesim/include/turtlesim/turtlesim/srv/detail/set_pen__functions.c
[33.854s] -- Installing: /workspace/ros2_ws/install/turtlesim/include/turtlesim/turtlesim/srv/detail/spawn__struct.h
[33.854s] -- Installing: /workspace/ros2_ws/install/turtlesim/include/turtlesim/turtlesim/srv/detail/teleport_absolute__struct.h
[33.855s] -- Installing: /workspace/ros2_ws/install/turtlesim/include/turtlesim/turtlesim/srv/detail/teleport_relative__struct.h
[33.855s] -- Installing: /workspace/ros2_ws/install/turtlesim/include/turtlesim/turtlesim/srv/detail/set_pen__type_support.h
[33.855s] -- Installing: /workspace/ros2_ws/install/turtlesim/include/turtlesim/turtlesim/srv/detail/kill__functions.h
[33.855s] -- Installing: /workspace/ros2_ws/install/turtlesim/include/turtlesim/turtlesim/srv/detail/kill__functions.c
[33.855s] -- Installing: /workspace/ros2_ws/install/turtlesim/include/turtlesim/turtlesim/srv/set_pen.h
[33.855s] -- Installing: /workspace/ros2_ws/install/turtlesim/include/turtlesim/turtlesim/srv/spawn.h
[33.856s] -- Installing: /workspace/ros2_ws/install/turtlesim/share/turtlesim/environment/library_path.sh
[33.856s] -- Installing: /workspace/ros2_ws/install/turtlesim/share/turtlesim/environment/library_path.dsv
[33.856s] -- Installing: /workspace/ros2_ws/install/turtlesim/lib/libturtlesim__rosidl_generator_c.so
[33.858s] -- Set runtime path of "/workspace/ros2_ws/install/turtlesim/lib/libturtlesim__rosidl_generator_c.so" to ""
[33.858s] -- Up-to-date: /workspace/ros2_ws/install/turtlesim/include/turtlesim/turtlesim
[33.858s] -- Up-to-date: /workspace/ros2_ws/install/turtlesim/include/turtlesim/turtlesim/msg
[33.858s] -- Installing: /workspace/ros2_ws/install/turtlesim/include/turtlesim/turtlesim/msg/rosidl_typesupport_fastrtps_c__visibility_control.h
[33.858s] -- Up-to-date: /workspace/ros2_ws/install/turtlesim/include/turtlesim/turtlesim/msg/detail
[33.858s] -- Installing: /workspace/ros2_ws/install/turtlesim/include/turtlesim/turtlesim/msg/detail/color__rosidl_typesupport_fastrtps_c.h
[33.858s] -- Installing: /workspace/ros2_ws/install/turtlesim/include/turtlesim/turtlesim/msg/detail/pose__rosidl_typesupport_fastrtps_c.h
[33.858s] -- Up-to-date: /workspace/ros2_ws/install/turtlesim/include/turtlesim/turtlesim/action
[33.858s] -- Up-to-date: /workspace/ros2_ws/install/turtlesim/include/turtlesim/turtlesim/action/detail
[33.858s] -- Installing: /workspace/ros2_ws/install/turtlesim/include/turtlesim/turtlesim/action/detail/rotate_absolute__rosidl_typesupport_fastrtps_c.h
[33.859s] -- Up-to-date: /workspace/ros2_ws/install/turtlesim/include/turtlesim/turtlesim/srv
[33.859s] -- Up-to-date: /workspace/ros2_ws/install/turtlesim/include/turtlesim/turtlesim/srv/detail
[33.859s] -- Installing: /workspace/ros2_ws/install/turtlesim/include/turtlesim/turtlesim/srv/detail/kill__rosidl_typesupport_fastrtps_c.h
[33.859s] -- Installing: /workspace/ros2_ws/install/turtlesim/include/turtlesim/turtlesim/srv/detail/teleport_absolute__rosidl_typesupport_fastrtps_c.h
[33.859s] -- Installing: /workspace/ros2_ws/install/turtlesim/include/turtlesim/turtlesim/srv/detail/spawn__rosidl_typesupport_fastrtps_c.h
[33.859s] -- Installing: /workspace/ros2_ws/install/turtlesim/include/turtlesim/turtlesim/srv/detail/teleport_relative__rosidl_typesupport_fastrtps_c.h
[33.859s] -- Installing: /workspace/ros2_ws/install/turtlesim/include/turtlesim/turtlesim/srv/detail/set_pen__rosidl_typesupport_fastrtps_c.h
[33.860s] -- Installing: /workspace/ros2_ws/install/turtlesim/lib/libturtlesim__rosidl_typesupport_fastrtps_c.so
[33.860s] -- Set runtime path of "/workspace/ros2_ws/install/turtlesim/lib/libturtlesim__rosidl_typesupport_fastrtps_c.so" to ""
[33.860s] -- Up-to-date: /workspace/ros2_ws/install/turtlesim/include/turtlesim/turtlesim
[33.860s] -- Up-to-date: /workspace/ros2_ws/install/turtlesim/include/turtlesim/turtlesim/msg
[33.860s] -- Installing: /workspace/ros2_ws/install/turtlesim/include/turtlesim/turtlesim/msg/color.hpp
[33.861s] -- Installing: /workspace/ros2_ws/install/turtlesim/include/turtlesim/turtlesim/msg/pose.hpp
[33.861s] -- Up-to-date: /workspace/ros2_ws/install/turtlesim/include/turtlesim/turtlesim/msg/detail
[33.861s] -- Installing: /workspace/ros2_ws/install/turtlesim/include/turtlesim/turtlesim/msg/detail/color__struct.hpp
[33.861s] -- Installing: /workspace/ros2_ws/install/turtlesim/include/turtlesim/turtlesim/msg/detail/color__traits.hpp
[33.861s] -- Installing: /workspace/ros2_ws/install/turtlesim/include/turtlesim/turtlesim/msg/detail/pose__builder.hpp
[33.861s] -- Installing: /workspace/ros2_ws/install/turtlesim/include/turtlesim/turtlesim/msg/detail/color__builder.hpp
[33.861s] -- Installing: /workspace/ros2_ws/install/turtlesim/include/turtlesim/turtlesim/msg/detail/pose__traits.hpp
[33.861s] -- Installing: /workspace/ros2_ws/install/turtlesim/include/turtlesim/turtlesim/msg/detail/pose__struct.hpp
[33.861s] -- Up-to-date: /workspace/ros2_ws/install/turtlesim/include/turtlesim/turtlesim/action
[33.861s] -- Up-to-date: /workspace/ros2_ws/install/turtlesim/include/turtlesim/turtlesim/action/detail
[33.861s] -- Installing: /workspace/ros2_ws/install/turtlesim/include/turtlesim/turtlesim/action/detail/rotate_absolute__builder.hpp
[33.861s] -- Installing: /workspace/ros2_ws/install/turtlesim/include/turtlesim/turtlesim/action/detail/rotate_absolute__struct.hpp
[33.862s] -- Installing: /workspace/ros2_ws/install/turtlesim/include/turtlesim/turtlesim/action/detail/rotate_absolute__traits.hpp
[33.862s] -- Installing: /workspace/ros2_ws/install/turtlesim/include/turtlesim/turtlesim/action/rotate_absolute.hpp
[33.862s] -- Up-to-date: /workspace/ros2_ws/install/turtlesim/include/turtlesim/turtlesim/srv
[33.862s] -- Installing: /workspace/ros2_ws/install/turtlesim/include/turtlesim/turtlesim/srv/teleport_absolute.hpp
[33.862s] -- Installing: /workspace/ros2_ws/install/turtlesim/include/turtlesim/turtlesim/srv/kill.hpp
[33.862s] -- Installing: /workspace/ros2_ws/install/turtlesim/include/turtlesim/turtlesim/srv/spawn.hpp
[33.862s] -- Installing: /workspace/ros2_ws/install/turtlesim/include/turtlesim/turtlesim/srv/set_pen.hpp
[33.862s] -- Installing: /workspace/ros2_ws/install/turtlesim/include/turtlesim/turtlesim/srv/teleport_relative.hpp
[33.862s] -- Up-to-date: /workspace/ros2_ws/install/turtlesim/include/turtlesim/turtlesim/srv/detail
[33.862s] -- Installing: /workspace/ros2_ws/install/turtlesim/include/turtlesim/turtlesim/srv/detail/teleport_absolute__traits.hpp
[33.862s] -- Installing: /workspace/ros2_ws/install/turtlesim/include/turtlesim/turtlesim/srv/detail/teleport_relative__struct.hpp
[33.862s] -- Installing: /workspace/ros2_ws/install/turtlesim/include/turtlesim/turtlesim/srv/detail/teleport_absolute__struct.hpp
[33.862s] -- Installing: /workspace/ros2_ws/install/turtlesim/include/turtlesim/turtlesim/srv/detail/teleport_relative__traits.hpp
[33.862s] -- Installing: /workspace/ros2_ws/install/turtlesim/include/turtlesim/turtlesim/srv/detail/spawn__builder.hpp
[33.863s] -- Installing: /workspace/ros2_ws/install/turtlesim/include/turtlesim/turtlesim/srv/detail/set_pen__struct.hpp
[33.863s] -- Installing: /workspace/ros2_ws/install/turtlesim/include/turtlesim/turtlesim/srv/detail/set_pen__traits.hpp
[33.863s] -- Installing: /workspace/ros2_ws/install/turtlesim/include/turtlesim/turtlesim/srv/detail/kill__struct.hpp
[33.863s] -- Installing: /workspace/ros2_ws/install/turtlesim/include/turtlesim/turtlesim/srv/detail/teleport_absolute__builder.hpp
[33.863s] -- Installing: /workspace/ros2_ws/install/turtlesim/include/turtlesim/turtlesim/srv/detail/teleport_relative__builder.hpp
[33.863s] -- Installing: /workspace/ros2_ws/install/turtlesim/include/turtlesim/turtlesim/srv/detail/kill__builder.hpp
[33.863s] -- Installing: /workspace/ros2_ws/install/turtlesim/include/turtlesim/turtlesim/srv/detail/spawn__traits.hpp
[33.863s] -- Installing: /workspace/ros2_ws/install/turtlesim/include/turtlesim/turtlesim/srv/detail/spawn__struct.hpp
[33.863s] -- Installing: /workspace/ros2_ws/install/turtlesim/include/turtlesim/turtlesim/srv/detail/kill__traits.hpp
[33.863s] -- Installing: /workspace/ros2_ws/install/turtlesim/include/turtlesim/turtlesim/srv/detail/set_pen__builder.hpp
[33.863s] -- Up-to-date: /workspace/ros2_ws/install/turtlesim/include/turtlesim/turtlesim
[33.863s] -- Up-to-date: /workspace/ros2_ws/install/turtlesim/include/turtlesim/turtlesim/msg
[33.863s] -- Installing: /workspace/ros2_ws/install/turtlesim/include/turtlesim/turtlesim/msg/rosidl_typesupport_fastrtps_cpp__visibility_control.h
[33.863s] -- Up-to-date: /workspace/ros2_ws/install/turtlesim/include/turtlesim/turtlesim/msg/detail
[33.863s] -- Installing: /workspace/ros2_ws/install/turtlesim/include/turtlesim/turtlesim/msg/detail/color__rosidl_typesupport_fastrtps_cpp.hpp
[33.864s] -- Installing: /workspace/ros2_ws/install/turtlesim/include/turtlesim/turtlesim/msg/detail/pose__rosidl_typesupport_fastrtps_cpp.hpp
[33.864s] -- Installing: /workspace/ros2_ws/install/turtlesim/include/turtlesim/turtlesim/msg/detail/dds_fastrtps
[33.864s] -- Up-to-date: /workspace/ros2_ws/install/turtlesim/include/turtlesim/turtlesim/action
[33.864s] -- Up-to-date: /workspace/ros2_ws/install/turtlesim/include/turtlesim/turtlesim/action/detail
[33.864s] -- Installing: /workspace/ros2_ws/install/turtlesim/include/turtlesim/turtlesim/action/detail/dds_fastrtps
[33.864s] -- Installing: /workspace/ros2_ws/install/turtlesim/include/turtlesim/turtlesim/action/detail/rotate_absolute__rosidl_typesupport_fastrtps_cpp.hpp
[33.864s] -- Up-to-date: /workspace/ros2_ws/install/turtlesim/include/turtlesim/turtlesim/srv
[33.864s] -- Up-to-date: /workspace/ros2_ws/install/turtlesim/include/turtlesim/turtlesim/srv/detail
[33.864s] -- Installing: /workspace/ros2_ws/install/turtlesim/include/turtlesim/turtlesim/srv/detail/teleport_absolute__rosidl_typesupport_fastrtps_cpp.hpp
[33.865s] -- Installing: /workspace/ros2_ws/install/turtlesim/include/turtlesim/turtlesim/srv/detail/set_pen__rosidl_typesupport_fastrtps_cpp.hpp
[33.865s] -- Installing: /workspace/ros2_ws/install/turtlesim/include/turtlesim/turtlesim/srv/detail/kill__rosidl_typesupport_fastrtps_cpp.hpp
[33.865s] -- Installing: /workspace/ros2_ws/install/turtlesim/include/turtlesim/turtlesim/srv/detail/dds_fastrtps
[33.865s] -- Installing: /workspace/ros2_ws/install/turtlesim/include/turtlesim/turtlesim/srv/detail/teleport_relative__rosidl_typesupport_fastrtps_cpp.hpp
[33.865s] -- Installing: /workspace/ros2_ws/install/turtlesim/include/turtlesim/turtlesim/srv/detail/spawn__rosidl_typesupport_fastrtps_cpp.hpp
[33.866s] -- Installing: /workspace/ros2_ws/install/turtlesim/lib/libturtlesim__rosidl_typesupport_fastrtps_cpp.so
[33.866s] -- Set runtime path of "/workspace/ros2_ws/install/turtlesim/lib/libturtlesim__rosidl_typesupport_fastrtps_cpp.so" to ""
[33.866s] -- Up-to-date: /workspace/ros2_ws/install/turtlesim/include/turtlesim/turtlesim
[33.867s] -- Up-to-date: /workspace/ros2_ws/install/turtlesim/include/turtlesim/turtlesim/msg
[33.867s] -- Installing: /workspace/ros2_ws/install/turtlesim/include/turtlesim/turtlesim/msg/rosidl_typesupport_introspection_c__visibility_control.h
[33.867s] -- Up-to-date: /workspace/ros2_ws/install/turtlesim/include/turtlesim/turtlesim/msg/detail
[33.867s] -- Installing: /workspace/ros2_ws/install/turtlesim/include/turtlesim/turtlesim/msg/detail/pose__type_support.c
[33.867s] -- Installing: /workspace/ros2_ws/install/turtlesim/include/turtlesim/turtlesim/msg/detail/pose__rosidl_typesupport_introspection_c.h
[33.867s] -- Installing: /workspace/ros2_ws/install/turtlesim/include/turtlesim/turtlesim/msg/detail/color__type_support.c
[33.867s] -- Installing: /workspace/ros2_ws/install/turtlesim/include/turtlesim/turtlesim/msg/detail/color__rosidl_typesupport_introspection_c.h
[33.867s] -- Up-to-date: /workspace/ros2_ws/install/turtlesim/include/turtlesim/turtlesim/action
[33.867s] -- Up-to-date: /workspace/ros2_ws/install/turtlesim/include/turtlesim/turtlesim/action/detail
[33.867s] -- Installing: /workspace/ros2_ws/install/turtlesim/include/turtlesim/turtlesim/action/detail/rotate_absolute__type_support.c
[33.868s] -- Installing: /workspace/ros2_ws/install/turtlesim/include/turtlesim/turtlesim/action/detail/rotate_absolute__rosidl_typesupport_introspection_c.h
[33.868s] -- Up-to-date: /workspace/ros2_ws/install/turtlesim/include/turtlesim/turtlesim/srv
[33.869s] -- Up-to-date: /workspace/ros2_ws/install/turtlesim/include/turtlesim/turtlesim/srv/detail
[33.869s] -- Installing: /workspace/ros2_ws/install/turtlesim/include/turtlesim/turtlesim/srv/detail/set_pen__rosidl_typesupport_introspection_c.h
[33.869s] -- Installing: /workspace/ros2_ws/install/turtlesim/include/turtlesim/turtlesim/srv/detail/kill__type_support.c
[33.869s] -- Installing: /workspace/ros2_ws/install/turtlesim/include/turtlesim/turtlesim/srv/detail/teleport_relative__rosidl_typesupport_introspection_c.h
[33.869s] -- Installing: /workspace/ros2_ws/install/turtlesim/include/turtlesim/turtlesim/srv/detail/teleport_relative__type_support.c
[33.870s] -- Installing: /workspace/ros2_ws/install/turtlesim/include/turtlesim/turtlesim/srv/detail/teleport_absolute__rosidl_typesupport_introspection_c.h
[33.870s] -- Installing: /workspace/ros2_ws/install/turtlesim/include/turtlesim/turtlesim/srv/detail/spawn__rosidl_typesupport_introspection_c.h
[33.870s] -- Installing: /workspace/ros2_ws/install/turtlesim/include/turtlesim/turtlesim/srv/detail/spawn__type_support.c
[33.870s] -- Installing: /workspace/ros2_ws/install/turtlesim/include/turtlesim/turtlesim/srv/detail/set_pen__type_support.c
[33.870s] -- Installing: /workspace/ros2_ws/install/turtlesim/include/turtlesim/turtlesim/srv/detail/kill__rosidl_typesupport_introspection_c.h
[33.871s] -- Installing: /workspace/ros2_ws/install/turtlesim/include/turtlesim/turtlesim/srv/detail/teleport_absolute__type_support.c
[33.871s] -- Installing: /workspace/ros2_ws/install/turtlesim/lib/libturtlesim__rosidl_typesupport_introspection_c.so
[33.872s] -- Set runtime path of "/workspace/ros2_ws/install/turtlesim/lib/libturtlesim__rosidl_typesupport_introspection_c.so" to ""
[33.872s] -- Installing: /workspace/ros2_ws/install/turtlesim/lib/libturtlesim__rosidl_typesupport_c.so
[33.872s] -- Set runtime path of "/workspace/ros2_ws/install/turtlesim/lib/libturtlesim__rosidl_typesupport_c.so" to ""
[33.873s] -- Up-to-date: /workspace/ros2_ws/install/turtlesim/include/turtlesim/turtlesim
[33.873s] -- Up-to-date: /workspace/ros2_ws/install/turtlesim/include/turtlesim/turtlesim/msg
[33.873s] -- Up-to-date: /workspace/ros2_ws/install/turtlesim/include/turtlesim/turtlesim/msg/detail
[33.873s] -- Installing: /workspace/ros2_ws/install/turtlesim/include/turtlesim/turtlesim/msg/detail/color__rosidl_typesupport_introspection_cpp.hpp
[33.873s] -- Installing: /workspace/ros2_ws/install/turtlesim/include/turtlesim/turtlesim/msg/detail/pose__rosidl_typesupport_introspection_cpp.hpp
[33.873s] -- Installing: /workspace/ros2_ws/install/turtlesim/include/turtlesim/turtlesim/msg/detail/pose__type_support.cpp
[33.873s] -- Installing: /workspace/ros2_ws/install/turtlesim/include/turtlesim/turtlesim/msg/detail/color__type_support.cpp
[33.873s] -- Up-to-date: /workspace/ros2_ws/install/turtlesim/include/turtlesim/turtlesim/action
[33.873s] -- Up-to-date: /workspace/ros2_ws/install/turtlesim/include/turtlesim/turtlesim/action/detail
[33.874s] -- Installing: /workspace/ros2_ws/install/turtlesim/include/turtlesim/turtlesim/action/detail/rotate_absolute__type_support.cpp
[33.874s] -- Installing: /workspace/ros2_ws/install/turtlesim/include/turtlesim/turtlesim/action/detail/rotate_absolute__rosidl_typesupport_introspection_cpp.hpp
[33.874s] -- Up-to-date: /workspace/ros2_ws/install/turtlesim/include/turtlesim/turtlesim/srv
[33.874s] -- Up-to-date: /workspace/ros2_ws/install/turtlesim/include/turtlesim/turtlesim/srv/detail
[33.874s] -- Installing: /workspace/ros2_ws/install/turtlesim/include/turtlesim/turtlesim/srv/detail/kill__type_support.cpp
[33.875s] -- Installing: /workspace/ros2_ws/install/turtlesim/include/turtlesim/turtlesim/srv/detail/teleport_absolute__type_support.cpp
[33.875s] -- Installing: /workspace/ros2_ws/install/turtlesim/include/turtlesim/turtlesim/srv/detail/set_pen__rosidl_typesupport_introspection_cpp.hpp
[33.875s] -- Installing: /workspace/ros2_ws/install/turtlesim/include/turtlesim/turtlesim/srv/detail/teleport_relative__rosidl_typesupport_introspection_cpp.hpp
[33.875s] -- Installing: /workspace/ros2_ws/install/turtlesim/include/turtlesim/turtlesim/srv/detail/teleport_absolute__rosidl_typesupport_introspection_cpp.hpp
[33.875s] -- Installing: /workspace/ros2_ws/install/turtlesim/include/turtlesim/turtlesim/srv/detail/teleport_relative__type_support.cpp
[33.876s] -- Installing: /workspace/ros2_ws/install/turtlesim/include/turtlesim/turtlesim/srv/detail/spawn__type_support.cpp
[33.876s] -- Installing: /workspace/ros2_ws/install/turtlesim/include/turtlesim/turtlesim/srv/detail/kill__rosidl_typesupport_introspection_cpp.hpp
[33.876s] -- Installing: /workspace/ros2_ws/install/turtlesim/include/turtlesim/turtlesim/srv/detail/spawn__rosidl_typesupport_introspection_cpp.hpp
[33.876s] -- Installing: /workspace/ros2_ws/install/turtlesim/include/turtlesim/turtlesim/srv/detail/set_pen__type_support.cpp
[33.877s] -- Installing: /workspace/ros2_ws/install/turtlesim/lib/libturtlesim__rosidl_typesupport_introspection_cpp.so
[33.877s] -- Set runtime path of "/workspace/ros2_ws/install/turtlesim/lib/libturtlesim__rosidl_typesupport_introspection_cpp.so" to ""
[33.877s] -- Installing: /workspace/ros2_ws/install/turtlesim/lib/libturtlesim__rosidl_typesupport_cpp.so
[33.878s] -- Set runtime path of "/workspace/ros2_ws/install/turtlesim/lib/libturtlesim__rosidl_typesupport_cpp.so" to ""
[33.878s] -- Installing: /workspace/ros2_ws/install/turtlesim/share/turtlesim/environment/pythonpath.sh
[33.879s] -- Installing: /workspace/ros2_ws/install/turtlesim/share/turtlesim/environment/pythonpath.dsv
[33.879s] -- Installing: /workspace/ros2_ws/install/turtlesim/local/lib/python3.10/dist-packages/turtlesim-1.4.2-py3.10.egg-info
[33.879s] -- Installing: /workspace/ros2_ws/install/turtlesim/local/lib/python3.10/dist-packages/turtlesim-1.4.2-py3.10.egg-info/top_level.txt
[33.879s] -- Installing: /workspace/ros2_ws/install/turtlesim/local/lib/python3.10/dist-packages/turtlesim-1.4.2-py3.10.egg-info/PKG-INFO
[33.879s] -- Installing: /workspace/ros2_ws/install/turtlesim/local/lib/python3.10/dist-packages/turtlesim-1.4.2-py3.10.egg-info/SOURCES.txt
[33.879s] -- Installing: /workspace/ros2_ws/install/turtlesim/local/lib/python3.10/dist-packages/turtlesim-1.4.2-py3.10.egg-info/dependency_links.txt
[33.880s] -- Installing: /workspace/ros2_ws/install/turtlesim/local/lib/python3.10/dist-packages/turtlesim
[33.880s] -- Installing: /workspace/ros2_ws/install/turtlesim/local/lib/python3.10/dist-packages/turtlesim/msg
[33.880s] -- Installing: /workspace/ros2_ws/install/turtlesim/local/lib/python3.10/dist-packages/turtlesim/msg/__init__.py
[33.880s] -- Installing: /workspace/ros2_ws/install/turtlesim/local/lib/python3.10/dist-packages/turtlesim/msg/_color.py
[33.880s] -- Installing: /workspace/ros2_ws/install/turtlesim/local/lib/python3.10/dist-packages/turtlesim/msg/_pose_s.c
[33.880s] -- Installing: /workspace/ros2_ws/install/turtlesim/local/lib/python3.10/dist-packages/turtlesim/msg/_pose.py
[33.880s] -- Installing: /workspace/ros2_ws/install/turtlesim/local/lib/python3.10/dist-packages/turtlesim/msg/_color_s.c
[33.880s] -- Installing: /workspace/ros2_ws/install/turtlesim/local/lib/python3.10/dist-packages/turtlesim/_turtlesim_s.ep.rosidl_typesupport_introspection_c.c
[33.880s] -- Installing: /workspace/ros2_ws/install/turtlesim/local/lib/python3.10/dist-packages/turtlesim/libturtlesim__rosidl_generator_py.so
[33.881s] -- Installing: /workspace/ros2_ws/install/turtlesim/local/lib/python3.10/dist-packages/turtlesim/__init__.py
[33.881s] -- Installing: /workspace/ros2_ws/install/turtlesim/local/lib/python3.10/dist-packages/turtlesim/action
[33.881s] -- Installing: /workspace/ros2_ws/install/turtlesim/local/lib/python3.10/dist-packages/turtlesim/action/_rotate_absolute_s.c
[33.881s] -- Installing: /workspace/ros2_ws/install/turtlesim/local/lib/python3.10/dist-packages/turtlesim/action/__init__.py
[33.881s] -- Installing: /workspace/ros2_ws/install/turtlesim/local/lib/python3.10/dist-packages/turtlesim/action/_rotate_absolute.py
[33.881s] -- Installing: /workspace/ros2_ws/install/turtlesim/local/lib/python3.10/dist-packages/turtlesim/turtlesim_s__rosidl_typesupport_introspection_c.cpython-310-x86_64-linux-gnu.so
[33.881s] -- Installing: /workspace/ros2_ws/install/turtlesim/local/lib/python3.10/dist-packages/turtlesim/srv
[33.881s] -- Installing: /workspace/ros2_ws/install/turtlesim/local/lib/python3.10/dist-packages/turtlesim/srv/_spawn_s.c
[33.881s] -- Installing: /workspace/ros2_ws/install/turtlesim/local/lib/python3.10/dist-packages/turtlesim/srv/__init__.py
[33.881s] -- Installing: /workspace/ros2_ws/install/turtlesim/local/lib/python3.10/dist-packages/turtlesim/srv/_spawn.py
[33.881s] -- Installing: /workspace/ros2_ws/install/turtlesim/local/lib/python3.10/dist-packages/turtlesim/srv/_teleport_relative_s.c
[33.882s] -- Installing: /workspace/ros2_ws/install/turtlesim/local/lib/python3.10/dist-packages/turtlesim/srv/_kill_s.c
[33.882s] -- Installing: /workspace/ros2_ws/install/turtlesim/local/lib/python3.10/dist-packages/turtlesim/srv/_set_pen_s.c
[33.882s] -- Installing: /workspace/ros2_ws/install/turtlesim/local/lib/python3.10/dist-packages/turtlesim/srv/_teleport_relative.py
[33.882s] -- Installing: /workspace/ros2_ws/install/turtlesim/local/lib/python3.10/dist-packages/turtlesim/srv/_teleport_absolute_s.c
[33.882s] -- Installing: /workspace/ros2_ws/install/turtlesim/local/lib/python3.10/dist-packages/turtlesim/srv/_teleport_absolute.py
[33.882s] -- Installing: /workspace/ros2_ws/install/turtlesim/local/lib/python3.10/dist-packages/turtlesim/srv/_kill.py
[33.882s] -- Installing: /workspace/ros2_ws/install/turtlesim/local/lib/python3.10/dist-packages/turtlesim/srv/_set_pen.py
[33.882s] -- Installing: /workspace/ros2_ws/install/turtlesim/local/lib/python3.10/dist-packages/turtlesim/_turtlesim_s.ep.rosidl_typesupport_c.c
[33.882s] -- Installing: /workspace/ros2_ws/install/turtlesim/local/lib/python3.10/dist-packages/turtlesim/_turtlesim_s.ep.rosidl_typesupport_fastrtps_c.c
[33.883s] -- Installing: /workspace/ros2_ws/install/turtlesim/local/lib/python3.10/dist-packages/turtlesim/turtlesim_s__rosidl_typesupport_fastrtps_c.cpython-310-x86_64-linux-gnu.so
[33.883s] -- Installing: /workspace/ros2_ws/install/turtlesim/local/lib/python3.10/dist-packages/turtlesim/turtlesim_s__rosidl_typesupport_c.cpython-310-x86_64-linux-gnu.so
[33.943s] Listing '/workspace/ros2_ws/install/turtlesim/local/lib/python3.10/dist-packages/turtlesim'...
[33.943s] Compiling '/workspace/ros2_ws/install/turtlesim/local/lib/python3.10/dist-packages/turtlesim/__init__.py'...
[33.943s] Listing '/workspace/ros2_ws/install/turtlesim/local/lib/python3.10/dist-packages/turtlesim/action'...
[33.944s] Compiling '/workspace/ros2_ws/install/turtlesim/local/lib/python3.10/dist-packages/turtlesim/action/__init__.py'...
[33.944s] Compiling '/workspace/ros2_ws/install/turtlesim/local/lib/python3.10/dist-packages/turtlesim/action/_rotate_absolute.py'...
[33.944s] Listing '/workspace/ros2_ws/install/turtlesim/local/lib/python3.10/dist-packages/turtlesim/msg'...
[33.944s] Compiling '/workspace/ros2_ws/install/turtlesim/local/lib/python3.10/dist-packages/turtlesim/msg/__init__.py'...
[33.944s] Compiling '/workspace/ros2_ws/install/turtlesim/local/lib/python3.10/dist-packages/turtlesim/msg/_color.py'...
[33.944s] Compiling '/workspace/ros2_ws/install/turtlesim/local/lib/python3.10/dist-packages/turtlesim/msg/_pose.py'...
[33.944s] Listing '/workspace/ros2_ws/install/turtlesim/local/lib/python3.10/dist-packages/turtlesim/srv'...
[33.944s] Compiling '/workspace/ros2_ws/install/turtlesim/local/lib/python3.10/dist-packages/turtlesim/srv/__init__.py'...
[33.944s] Compiling '/workspace/ros2_ws/install/turtlesim/local/lib/python3.10/dist-packages/turtlesim/srv/_kill.py'...
[33.944s] Compiling '/workspace/ros2_ws/install/turtlesim/local/lib/python3.10/dist-packages/turtlesim/srv/_set_pen.py'...
[33.944s] Compiling '/workspace/ros2_ws/install/turtlesim/local/lib/python3.10/dist-packages/turtlesim/srv/_spawn.py'...
[33.944s] Compiling '/workspace/ros2_ws/install/turtlesim/local/lib/python3.10/dist-packages/turtlesim/srv/_teleport_absolute.py'...
[33.944s] Compiling '/workspace/ros2_ws/install/turtlesim/local/lib/python3.10/dist-packages/turtlesim/srv/_teleport_relative.py'...
[33.952s] -- Installing: /workspace/ros2_ws/install/turtlesim/local/lib/python3.10/dist-packages/turtlesim/turtlesim_s__rosidl_typesupport_fastrtps_c.cpython-310-x86_64-linux-gnu.so
[33.952s] -- Set runtime path of "/workspace/ros2_ws/install/turtlesim/local/lib/python3.10/dist-packages/turtlesim/turtlesim_s__rosidl_typesupport_fastrtps_c.cpython-310-x86_64-linux-gnu.so" to ""
[33.952s] -- Installing: /workspace/ros2_ws/install/turtlesim/local/lib/python3.10/dist-packages/turtlesim/turtlesim_s__rosidl_typesupport_introspection_c.cpython-310-x86_64-linux-gnu.so
[33.953s] -- Set runtime path of "/workspace/ros2_ws/install/turtlesim/local/lib/python3.10/dist-packages/turtlesim/turtlesim_s__rosidl_typesupport_introspection_c.cpython-310-x86_64-linux-gnu.so" to ""
[33.953s] -- Installing: /workspace/ros2_ws/install/turtlesim/local/lib/python3.10/dist-packages/turtlesim/turtlesim_s__rosidl_typesupport_c.cpython-310-x86_64-linux-gnu.so
[33.953s] -- Set runtime path of "/workspace/ros2_ws/install/turtlesim/local/lib/python3.10/dist-packages/turtlesim/turtlesim_s__rosidl_typesupport_c.cpython-310-x86_64-linux-gnu.so" to ""
[33.953s] -- Installing: /workspace/ros2_ws/install/turtlesim/lib/libturtlesim__rosidl_generator_py.so
[33.954s] -- Set runtime path of "/workspace/ros2_ws/install/turtlesim/lib/libturtlesim__rosidl_generator_py.so" to ""
[33.954s] -- Installing: /workspace/ros2_ws/install/turtlesim/share/turtlesim/action/RotateAbsolute.idl
[33.954s] -- Installing: /workspace/ros2_ws/install/turtlesim/share/turtlesim/msg/Color.idl
[33.954s] -- Installing: /workspace/ros2_ws/install/turtlesim/share/turtlesim/msg/Pose.idl
[33.954s] -- Installing: /workspace/ros2_ws/install/turtlesim/share/turtlesim/srv/Kill.idl
[33.954s] -- Installing: /workspace/ros2_ws/install/turtlesim/share/turtlesim/srv/SetPen.idl
[33.954s] -- Installing: /workspace/ros2_ws/install/turtlesim/share/turtlesim/srv/Spawn.idl
[33.955s] -- Installing: /workspace/ros2_ws/install/turtlesim/share/turtlesim/srv/TeleportAbsolute.idl
[33.955s] -- Installing: /workspace/ros2_ws/install/turtlesim/share/turtlesim/srv/TeleportRelative.idl
[33.955s] -- Installing: /workspace/ros2_ws/install/turtlesim/share/turtlesim/action/RotateAbsolute.action
[33.955s] -- Installing: /workspace/ros2_ws/install/turtlesim/share/turtlesim/msg/Color.msg
[33.955s] -- Installing: /workspace/ros2_ws/install/turtlesim/share/turtlesim/msg/Pose.msg
[33.955s] -- Installing: /workspace/ros2_ws/install/turtlesim/share/turtlesim/srv/Kill.srv
[33.955s] -- Installing: /workspace/ros2_ws/install/turtlesim/share/turtlesim/srv/Kill_Request.msg
[33.955s] -- Installing: /workspace/ros2_ws/install/turtlesim/share/turtlesim/srv/Kill_Response.msg
[33.955s] -- Installing: /workspace/ros2_ws/install/turtlesim/share/turtlesim/srv/SetPen.srv
[33.956s] -- Installing: /workspace/ros2_ws/install/turtlesim/share/turtlesim/srv/SetPen_Request.msg
[33.956s] -- Installing: /workspace/ros2_ws/install/turtlesim/share/turtlesim/srv/SetPen_Response.msg
[33.956s] -- Installing: /workspace/ros2_ws/install/turtlesim/share/turtlesim/srv/Spawn.srv
[33.956s] -- Installing: /workspace/ros2_ws/install/turtlesim/share/turtlesim/srv/Spawn_Request.msg
[33.956s] -- Installing: /workspace/ros2_ws/install/turtlesim/share/turtlesim/srv/Spawn_Response.msg
[33.956s] -- Installing: /workspace/ros2_ws/install/turtlesim/share/turtlesim/srv/TeleportAbsolute.srv
[33.956s] -- Installing: /workspace/ros2_ws/install/turtlesim/share/turtlesim/srv/TeleportAbsolute_Request.msg
[33.956s] -- Installing: /workspace/ros2_ws/install/turtlesim/share/turtlesim/srv/TeleportAbsolute_Response.msg
[33.957s] -- Installing: /workspace/ros2_ws/install/turtlesim/share/turtlesim/srv/TeleportRelative.srv
[33.957s] -- Installing: /workspace/ros2_ws/install/turtlesim/share/turtlesim/srv/TeleportRelative_Request.msg
[33.957s] -- Installing: /workspace/ros2_ws/install/turtlesim/share/turtlesim/srv/TeleportRelative_Response.msg
[33.957s] -- Installing: /workspace/ros2_ws/install/turtlesim/lib/turtlesim/turtlesim_node
[33.965s] -- Set runtime path of "/workspace/ros2_ws/install/turtlesim/lib/turtlesim/turtlesim_node" to ""
[33.966s] -- Installing: /workspace/ros2_ws/install/turtlesim/lib/turtlesim/turtle_teleop_key
[33.967s] -- Set runtime path of "/workspace/ros2_ws/install/turtlesim/lib/turtlesim/turtle_teleop_key" to ""
[33.967s] -- Installing: /workspace/ros2_ws/install/turtlesim/lib/turtlesim/draw_square
[33.972s] -- Set runtime path of "/workspace/ros2_ws/install/turtlesim/lib/turtlesim/draw_square" to ""
[33.972s] -- Installing: /workspace/ros2_ws/install/turtlesim/lib/turtlesim/mimic
[33.976s] -- Set runtime path of "/workspace/ros2_ws/install/turtlesim/lib/turtlesim/mimic" to ""
[33.976s] -- Installing: /workspace/ros2_ws/install/turtlesim/share/turtlesim/images
[33.976s] -- Installing: /workspace/ros2_ws/install/turtlesim/share/turtlesim/images/rolling.png
[33.976s] -- Installing: /workspace/ros2_ws/install/turtlesim/share/turtlesim/images/ardent.png
[33.976s] -- Installing: /workspace/ros2_ws/install/turtlesim/share/turtlesim/images/bouncy.png
[33.976s] -- Installing: /workspace/ros2_ws/install/turtlesim/share/turtlesim/images/foxy.png
[33.977s] -- Installing: /workspace/ros2_ws/install/turtlesim/share/turtlesim/images/crystal.png
[33.977s] -- Installing: /workspace/ros2_ws/install/turtlesim/share/turtlesim/images/galactic.png
[33.977s] -- Installing: /workspace/ros2_ws/install/turtlesim/share/turtlesim/images/eloquent.png
[33.977s] -- Installing: /workspace/ros2_ws/install/turtlesim/share/turtlesim/images/humble.png
[33.978s] -- Installing: /workspace/ros2_ws/install/turtlesim/share/turtlesim/images/dashing.png
[33.978s] -- Installing: /workspace/ros2_ws/install/turtlesim/share/turtlesim/launch
[33.978s] -- Installing: /workspace/ros2_ws/install/turtlesim/share/turtlesim/launch/multisim.launch.py
[33.978s] -- Installing: /workspace/ros2_ws/install/turtlesim/share/ament_index/resource_index/package_run_dependencies/turtlesim
[33.979s] -- Installing: /workspace/ros2_ws/install/turtlesim/share/ament_index/resource_index/parent_prefix_path/turtlesim
[33.979s] -- Installing: /workspace/ros2_ws/install/turtlesim/share/turtlesim/environment/ament_prefix_path.sh
[33.979s] -- Installing: /workspace/ros2_ws/install/turtlesim/share/turtlesim/environment/ament_prefix_path.dsv
[33.980s] -- Installing: /workspace/ros2_ws/install/turtlesim/share/turtlesim/environment/path.sh
[33.980s] -- Installing: /workspace/ros2_ws/install/turtlesim/share/turtlesim/environment/path.dsv
[33.980s] -- Installing: /workspace/ros2_ws/install/turtlesim/share/turtlesim/local_setup.bash
[33.980s] -- Installing: /workspace/ros2_ws/install/turtlesim/share/turtlesim/local_setup.sh
[33.981s] -- Installing: /workspace/ros2_ws/install/turtlesim/share/turtlesim/local_setup.zsh
[33.981s] -- Installing: /workspace/ros2_ws/install/turtlesim/share/turtlesim/local_setup.dsv
[33.981s] -- Installing: /workspace/ros2_ws/install/turtlesim/share/turtlesim/package.dsv
[33.981s] -- Installing: /workspace/ros2_ws/install/turtlesim/share/ament_index/resource_index/packages/turtlesim
[33.981s] -- Installing: /workspace/ros2_ws/install/turtlesim/share/turtlesim/cmake/export_turtlesim__rosidl_generator_cExport.cmake
[33.982s] -- Installing: /workspace/ros2_ws/install/turtlesim/share/turtlesim/cmake/export_turtlesim__rosidl_generator_cExport-noconfig.cmake
[33.982s] -- Installing: /workspace/ros2_ws/install/turtlesim/share/turtlesim/cmake/export_turtlesim__rosidl_typesupport_fastrtps_cExport.cmake
[33.982s] -- Installing: /workspace/ros2_ws/install/turtlesim/share/turtlesim/cmake/export_turtlesim__rosidl_typesupport_fastrtps_cExport-noconfig.cmake
[33.982s] -- Installing: /workspace/ros2_ws/install/turtlesim/share/turtlesim/cmake/export_turtlesim__rosidl_generator_cppExport.cmake
[33.983s] -- Installing: /workspace/ros2_ws/install/turtlesim/share/turtlesim/cmake/export_turtlesim__rosidl_typesupport_fastrtps_cppExport.cmake
[33.983s] -- Installing: /workspace/ros2_ws/install/turtlesim/share/turtlesim/cmake/export_turtlesim__rosidl_typesupport_fastrtps_cppExport-noconfig.cmake
[33.983s] -- Installing: /workspace/ros2_ws/install/turtlesim/share/turtlesim/cmake/turtlesim__rosidl_typesupport_introspection_cExport.cmake
[33.983s] -- Installing: /workspace/ros2_ws/install/turtlesim/share/turtlesim/cmake/turtlesim__rosidl_typesupport_introspection_cExport-noconfig.cmake
[33.984s] -- Installing: /workspace/ros2_ws/install/turtlesim/share/turtlesim/cmake/turtlesim__rosidl_typesupport_cExport.cmake
[33.984s] -- Installing: /workspace/ros2_ws/install/turtlesim/share/turtlesim/cmake/turtlesim__rosidl_typesupport_cExport-noconfig.cmake
[33.984s] -- Installing: /workspace/ros2_ws/install/turtlesim/share/turtlesim/cmake/turtlesim__rosidl_typesupport_introspection_cppExport.cmake
[33.984s] -- Installing: /workspace/ros2_ws/install/turtlesim/share/turtlesim/cmake/turtlesim__rosidl_typesupport_introspection_cppExport-noconfig.cmake
[33.984s] -- Installing: /workspace/ros2_ws/install/turtlesim/share/turtlesim/cmake/turtlesim__rosidl_typesupport_cppExport.cmake
[33.985s] -- Installing: /workspace/ros2_ws/install/turtlesim/share/turtlesim/cmake/turtlesim__rosidl_typesupport_cppExport-noconfig.cmake
[33.985s] -- Installing: /workspace/ros2_ws/install/turtlesim/share/turtlesim/cmake/export_turtlesim__rosidl_generator_pyExport.cmake
[33.985s] -- Installing: /workspace/ros2_ws/install/turtlesim/share/turtlesim/cmake/export_turtlesim__rosidl_generator_pyExport-noconfig.cmake
[33.985s] -- Installing: /workspace/ros2_ws/install/turtlesim/share/turtlesim/cmake/rosidl_cmake-extras.cmake
[33.986s] -- Installing: /workspace/ros2_ws/install/turtlesim/share/turtlesim/cmake/ament_cmake_export_dependencies-extras.cmake
[33.986s] -- Installing: /workspace/ros2_ws/install/turtlesim/share/turtlesim/cmake/ament_cmake_export_include_directories-extras.cmake
[33.986s] -- Installing: /workspace/ros2_ws/install/turtlesim/share/turtlesim/cmake/ament_cmake_export_libraries-extras.cmake
[33.986s] -- Installing: /workspace/ros2_ws/install/turtlesim/share/turtlesim/cmake/ament_cmake_export_targets-extras.cmake
[33.986s] -- Installing: /workspace/ros2_ws/install/turtlesim/share/turtlesim/cmake/rosidl_cmake_export_typesupport_targets-extras.cmake
[33.987s] -- Installing: /workspace/ros2_ws/install/turtlesim/share/turtlesim/cmake/rosidl_cmake_export_typesupport_libraries-extras.cmake
[33.987s] -- Installing: /workspace/ros2_ws/install/turtlesim/share/turtlesim/cmake/turtlesimConfig.cmake
[33.987s] -- Installing: /workspace/ros2_ws/install/turtlesim/share/turtlesim/cmake/turtlesimConfig-version.cmake
[33.987s] -- Installing: /workspace/ros2_ws/install/turtlesim/share/turtlesim/package.xml
[33.991s] Invoked command in '/workspace/ros2_ws/build/turtlesim' returned '0': CMAKE_PREFIX_PATH=/opt/ros/humble /usr/bin/cmake --install /workspace/ros2_ws/build/turtlesim
